# JRE version: Java(TM) SE Runtime Environment (8.0_45-b14) (build 1.8.0_45-b14)
# Java VM: Java HotSpot(TM) 64-Bit Server VM (25.45-b02 mixed mode linux-amd64 compressed oops)
Heap:
 PSYoungGen      total 177152K, used 87264K [0x00000000ebf80000, 0x0000000100000000, 0x0000000100000000)
  eden space 110080K, 30% used [0x00000000ebf80000,0x00000000ee0c8f78,0x00000000f2b00000)
  from space 67072K, 79% used [0x00000000fbe80000,0x00000000ff26f1c0,0x0000000100000000)
  to   space 109056K, 0% used [0x00000000f2b00000,0x00000000f2b00000,0x00000000f9580000)
 ParOldGen       total 458752K, used 301176K [0x00000000c3e00000, 0x00000000dfe00000, 0x00000000ebf80000)
  object space 458752K, 65% used [0x00000000c3e00000,0x00000000d641e110,0x00000000dfe00000)
 Metaspace       used 38701K, capacity 39084K, committed 39424K, reserved 1083392K
  class space    used 4620K, capacity 4738K, committed 4864K, reserved 1048576K
GC Heap History (10 events):
Event: 45.905 GC heap before
{Heap before GC invocations=17 (full 4):
 PSYoungGen      total 204288K, used 203643K [0x00000000ebf80000, 0x0000000100000000, 0x0000000100000000)
  eden space 177664K, 100% used [0x00000000ebf80000,0x00000000f6d00000,0x00000000f6d00000)
  from space 26624K, 97% used [0x00000000fe600000,0x00000000fff5efa8,0x0000000100000000)
  to   space 75264K, 0% used [0x00000000f6d00000,0x00000000f6d00000,0x00000000fb680000)
 ParOldGen       total 301568K, used 178362K [0x00000000c3e00000, 0x00000000d6480000, 0x00000000ebf80000)
  object space 301568K, 59% used [0x00000000c3e00000,0x00000000cec2ebd8,0x00000000d6480000)
 Metaspace       used 38608K, capacity 38944K, committed 39040K, reserved 1083392K
  class space    used 4617K, capacity 4736K, committed 4736K, reserved 1048576K
Event: 45.968 GC heap after
Heap after GC invocations=17 (full 4):
 PSYoungGen      total 252928K, used 13260K [0x00000000ebf80000, 0x0000000100000000, 0x0000000100000000)
  eden space 177664K, 0% used [0x00000000ebf80000,0x00000000ebf80000,0x00000000f6d00000)
  from space 75264K, 17% used [0x00000000f6d00000,0x00000000f79f3018,0x00000000fb680000)
  to   space 72192K, 0% used [0x00000000fb980000,0x00000000fb980000,0x0000000100000000)
 ParOldGen       total 301568K, used 204477K [0x00000000c3e00000, 0x00000000d6480000, 0x00000000ebf80000)
  object space 301568K, 67% used [0x00000000c3e00000,0x00000000d05af4d8,0x00000000d6480000)
 Metaspace       used 38608K, capacity 38944K, committed 39040K, reserved 1083392K
  class space    used 4617K, capacity 4736K, committed 4736K, reserved 1048576K
}
Event: 46.063 GC heap before
{Heap before GC invocations=18 (full 4):
 PSYoungGen      total 252928K, used 190924K [0x00000000ebf80000, 0x0000000100000000, 0x0000000100000000)
  eden space 177664K, 100% used [0x00000000ebf80000,0x00000000f6d00000,0x00000000f6d00000)
  from space 75264K, 17% used [0x00000000f6d00000,0x00000000f79f3018,0x00000000fb680000)
  to   space 72192K, 0% used [0x00000000fb980000,0x00000000fb980000,0x0000000100000000)
 ParOldGen       total 301568K, used 204477K [0x00000000c3e00000, 0x00000000d6480000, 0x00000000ebf80000)
  object space 301568K, 67% used [0x00000000c3e00000,0x00000000d05af4d8,0x00000000d6480000)
 Metaspace       used 38608K, capacity 38944K, committed 39040K, reserved 1083392K
  class space    used 4617K, capacity 4736K, committed 4736K, reserved 1048576K
Event: 46.079 GC heap after
Heap after GC invocations=18 (full 4):
 PSYoungGen      total 242688K, used 15730K [0x00000000ebf80000, 0x00000000ff600000, 0x0000000100000000)
  eden space 180736K, 0% used [0x00000000ebf80000,0x00000000ebf80000,0x00000000f7000000)
  from space 61952K, 25% used [0x00000000fb980000,0x00000000fc8dcbd8,0x00000000ff600000)
  to   space 68608K, 0% used [0x00000000f7000000,0x00000000f7000000,0x00000000fb300000)
 ParOldGen       total 301568K, used 204477K [0x00000000c3e00000, 0x00000000d6480000, 0x00000000ebf80000)
  object space 301568K, 67% used [0x00000000c3e00000,0x00000000d05af4d8,0x00000000d6480000)
 Metaspace       used 38608K, capacity 38944K, committed 39040K, reserved 1083392K
  class space    used 4617K, capacity 4736K, committed 4736K, reserved 1048576K
}
Event: 46.248 GC heap before
{Heap before GC invocations=19 (full 4):
 PSYoungGen      total 242688K, used 196466K [0x00000000ebf80000, 0x00000000ff600000, 0x0000000100000000)
  eden space 180736K, 100% used [0x00000000ebf80000,0x00000000f7000000,0x00000000f7000000)
  from space 61952K, 25% used [0x00000000fb980000,0x00000000fc8dcbd8,0x00000000ff600000)
  to   space 68608K, 0% used [0x00000000f7000000,0x00000000f7000000,0x00000000fb300000)
 ParOldGen       total 301568K, used 204477K [0x00000000c3e00000, 0x00000000d6480000, 0x00000000ebf80000)
  object space 301568K, 67% used [0x00000000c3e00000,0x00000000d05af4d8,0x00000000d6480000)
 Metaspace       used 38676K, capacity 39008K, committed 39296K, reserved 1083392K
  class space    used 4617K, capacity 4736K, committed 4736K, reserved 1048576K
Event: 46.267 GC heap after
Heap after GC invocations=19 (full 4):
 PSYoungGen      total 249344K, used 30938K [0x00000000ebf80000, 0x0000000100000000, 0x0000000100000000)
  eden space 180736K, 0% used [0x00000000ebf80000,0x00000000ebf80000,0x00000000f7000000)
  from space 68608K, 45% used [0x00000000f7000000,0x00000000f8e369d8,0x00000000fb300000)
  to   space 67072K, 0% used [0x00000000fbe80000,0x00000000fbe80000,0x0000000100000000)
 ParOldGen       total 301568K, used 204477K [0x00000000c3e00000, 0x00000000d6480000, 0x00000000ebf80000)
  object space 301568K, 67% used [0x00000000c3e00000,0x00000000d05af4d8,0x00000000d6480000)
 Metaspace       used 38676K, capacity 39008K, committed 39296K, reserved 1083392K
  class space    used 4617K, capacity 4736K, committed 4736K, reserved 1048576K
}
Event: 46.830 GC heap before
{Heap before GC invocations=20 (full 4):
 PSYoungGen      total 249344K, used 207822K [0x00000000ebf80000, 0x0000000100000000, 0x0000000100000000)
  eden space 180736K, 97% used [0x00000000ebf80000,0x00000000f6c3d000,0x00000000f7000000)
  from space 68608K, 45% used [0x00000000f7000000,0x00000000f8e369d8,0x00000000fb300000)
  to   space 67072K, 0% used [0x00000000fbe80000,0x00000000fbe80000,0x0000000100000000)
 ParOldGen       total 301568K, used 204477K [0x00000000c3e00000, 0x00000000d6480000, 0x00000000ebf80000)
  object space 301568K, 67% used [0x00000000c3e00000,0x00000000d05af4d8,0x00000000d6480000)
 Metaspace       used 38700K, capacity 39084K, committed 39424K, reserved 1083392K
  class space    used 4620K, capacity 4738K, committed 4864K, reserved 1048576K
Event: 46.974 GC heap after
Heap after GC invocations=20 (full 4):
 PSYoungGen      total 177152K, used 67066K [0x00000000ebf80000, 0x0000000100000000, 0x0000000100000000)
  eden space 110080K, 0% used [0x00000000ebf80000,0x00000000ebf80000,0x00000000f2b00000)
  from space 67072K, 99% used [0x00000000fbe80000,0x00000000ffffea50,0x0000000100000000)
  to   space 109056K, 0% used [0x00000000f2b00000,0x00000000f2b00000,0x00000000f9580000)
 ParOldGen       total 301568K, used 288482K [0x00000000c3e00000, 0x00000000d6480000, 0x00000000ebf80000)
  object space 301568K, 95% used [0x00000000c3e00000,0x00000000d57b8b38,0x00000000d6480000)
 Metaspace       used 38700K, capacity 39084K, committed 39424K, reserved 1083392K
  class space    used 4620K, capacity 4738K, committed 4864K, reserved 1048576K
}
Event: 46.974 GC heap before
{Heap before GC invocations=21 (full 5):
 PSYoungGen      total 177152K, used 67066K [0x00000000ebf80000, 0x0000000100000000, 0x0000000100000000)
  eden space 110080K, 0% used [0x00000000ebf80000,0x00000000ebf80000,0x00000000f2b00000)
  from space 67072K, 99% used [0x00000000fbe80000,0x00000000ffffea50,0x0000000100000000)
  to   space 109056K, 0% used [0x00000000f2b00000,0x00000000f2b00000,0x00000000f9580000)
 ParOldGen       total 301568K, used 288482K [0x00000000c3e00000, 0x00000000d6480000, 0x00000000ebf80000)
  object space 301568K, 95% used [0x00000000c3e00000,0x00000000d57b8b38,0x00000000d6480000)
 Metaspace       used 38700K, capacity 39084K, committed 39424K, reserved 1083392K
  class space    used 4620K, capacity 4738K, committed 4864K, reserved 1048576K
Event: 47.852 GC heap after
Heap after GC invocations=21 (full 5):
 PSYoungGen      total 177152K, used 53180K [0x00000000ebf80000, 0x0000000100000000, 0x0000000100000000)
  eden space 110080K, 0% used [0x00000000ebf80000,0x00000000ebf80000,0x00000000f2b00000)
  from space 67072K, 79% used [0x00000000fbe80000,0x00000000ff26f1c0,0x0000000100000000)
  to   space 109056K, 0% used [0x00000000f2b00000,0x00000000f2b00000,0x00000000f9580000)
 ParOldGen       total 458752K, used 301176K [0x00000000c3e00000, 0x00000000dfe00000, 0x00000000ebf80000)
  object space 458752K, 65% used [0x00000000c3e00000,0x00000000d641e110,0x00000000dfe00000)
 Metaspace       used 38700K, capacity 39084K, committed 39424K, reserved 1083392K
  class space    used 4620K, capacity 4738K, committed 4864K, reserved 1048576K
}

