# JRE version: Java(TM) SE Runtime Environment (8.0_45-b14) (build 1.8.0_45-b14)
# Java VM: Java HotSpot(TM) 64-Bit Server VM (25.45-b02 mixed mode linux-amd64 compressed oops)
Heap:
 PSYoungGen      total 181248K, used 106914K [0x00000000ebf80000, 0x0000000100000000, 0x0000000100000000)
  eden space 110080K, 32% used [0x00000000ebf80000,0x00000000ee290b00,0x00000000f2b00000)
  from space 71168K, 99% used [0x00000000fba80000,0x00000000fffd80f0,0x0000000100000000)
  to   space 109056K, 0% used [0x00000000f2b00000,0x00000000f2b00000,0x00000000f9580000)
 ParOldGen       total 428544K, used 283378K [0x00000000c3e00000, 0x00000000de080000, 0x00000000ebf80000)
  object space 428544K, 66% used [0x00000000c3e00000,0x00000000d52bca88,0x00000000de080000)
 Metaspace       used 38735K, capacity 39084K, committed 39424K, reserved 1083392K
  class space    used 4629K, capacity 4738K, committed 4864K, reserved 1048576K
GC Heap History (10 events):
Event: 35.888 GC heap before
{Heap before GC invocations=19 (full 4):
 PSYoungGen      total 212480K, used 210910K [0x00000000ebf80000, 0x0000000100000000, 0x0000000100000000)
  eden space 189952K, 100% used [0x00000000ebf80000,0x00000000f7900000,0x00000000f7900000)
  from space 22528K, 93% used [0x00000000fe800000,0x00000000ffc778b8,0x00000000ffe00000)
  to   space 69120K, 0% used [0x00000000f7900000,0x00000000f7900000,0x00000000fbc80000)
 ParOldGen       total 276480K, used 167310K [0x00000000c3e00000, 0x00000000d4c00000, 0x00000000ebf80000)
  object space 276480K, 60% used [0x00000000c3e00000,0x00000000ce163810,0x00000000d4c00000)
 Metaspace       used 38632K, capacity 38944K, committed 39040K, reserved 1083392K
  class space    used 4625K, capacity 4736K, committed 4736K, reserved 1048576K
Event: 35.954 GC heap after
Heap after GC invocations=19 (full 4):
 PSYoungGen      total 259072K, used 33299K [0x00000000ebf80000, 0x0000000100000000, 0x0000000100000000)
  eden space 189952K, 0% used [0x00000000ebf80000,0x00000000ebf80000,0x00000000f7900000)
  from space 69120K, 48% used [0x00000000f7900000,0x00000000f9984fa8,0x00000000fbc80000)
  to   space 69120K, 0% used [0x00000000fbc80000,0x00000000fbc80000,0x0000000100000000)
 ParOldGen       total 276480K, used 184288K [0x00000000c3e00000, 0x00000000d4c00000, 0x00000000ebf80000)
  object space 276480K, 66% used [0x00000000c3e00000,0x00000000cf1f80c8,0x00000000d4c00000)
 Metaspace       used 38632K, capacity 38944K, committed 39040K, reserved 1083392K
  class space    used 4625K, capacity 4736K, committed 4736K, reserved 1048576K
}
Event: 36.052 GC heap before
{Heap before GC invocations=20 (full 4):
 PSYoungGen      total 259072K, used 223251K [0x00000000ebf80000, 0x0000000100000000, 0x0000000100000000)
  eden space 189952K, 100% used [0x00000000ebf80000,0x00000000f7900000,0x00000000f7900000)
  from space 69120K, 48% used [0x00000000f7900000,0x00000000f9984fa8,0x00000000fbc80000)
  to   space 69120K, 0% used [0x00000000fbc80000,0x00000000fbc80000,0x0000000100000000)
 ParOldGen       total 276480K, used 184288K [0x00000000c3e00000, 0x00000000d4c00000, 0x00000000ebf80000)
  object space 276480K, 66% used [0x00000000c3e00000,0x00000000cf1f80c8,0x00000000d4c00000)
 Metaspace       used 38637K, capacity 39008K, committed 39296K, reserved 1083392K
  class space    used 4625K, capacity 4736K, committed 4736K, reserved 1048576K
Event: 36.082 GC heap after
Heap after GC invocations=20 (full 4):
 PSYoungGen      total 259072K, used 35587K [0x00000000ebf80000, 0x0000000100000000, 0x0000000100000000)
  eden space 189952K, 0% used [0x00000000ebf80000,0x00000000ebf80000,0x00000000f7900000)
  from space 69120K, 51% used [0x00000000fbc80000,0x00000000fdf40ce8,0x0000000100000000)
  to   space 69120K, 0% used [0x00000000f7900000,0x00000000f7900000,0x00000000fbc80000)
 ParOldGen       total 276480K, used 184288K [0x00000000c3e00000, 0x00000000d4c00000, 0x00000000ebf80000)
  object space 276480K, 66% used [0x00000000c3e00000,0x00000000cf1f80c8,0x00000000d4c00000)
 Metaspace       used 38637K, capacity 39008K, committed 39296K, reserved 1083392K
  class space    used 4625K, capacity 4736K, committed 4736K, reserved 1048576K
}
Event: 36.241 GC heap before
{Heap before GC invocations=21 (full 4):
 PSYoungGen      total 259072K, used 225539K [0x00000000ebf80000, 0x0000000100000000, 0x0000000100000000)
  eden space 189952K, 100% used [0x00000000ebf80000,0x00000000f7900000,0x00000000f7900000)
  from space 69120K, 51% used [0x00000000fbc80000,0x00000000fdf40ce8,0x0000000100000000)
  to   space 69120K, 0% used [0x00000000f7900000,0x00000000f7900000,0x00000000fbc80000)
 ParOldGen       total 276480K, used 184288K [0x00000000c3e00000, 0x00000000d4c00000, 0x00000000ebf80000)
  object space 276480K, 66% used [0x00000000c3e00000,0x00000000cf1f80c8,0x00000000d4c00000)
 Metaspace       used 38696K, capacity 39008K, committed 39296K, reserved 1083392K
  class space    used 4625K, capacity 4736K, committed 4736K, reserved 1048576K
Event: 36.277 GC heap after
Heap after GC invocations=21 (full 4):
 PSYoungGen      total 231936K, used 41512K [0x00000000ebf80000, 0x0000000100000000, 0x0000000100000000)
  eden space 189952K, 0% used [0x00000000ebf80000,0x00000000ebf80000,0x00000000f7900000)
  from space 41984K, 98% used [0x00000000f7900000,0x00000000fa18a160,0x00000000fa200000)
  to   space 71168K, 0% used [0x00000000fba80000,0x00000000fba80000,0x0000000100000000)
 ParOldGen       total 276480K, used 184288K [0x00000000c3e00000, 0x00000000d4c00000, 0x00000000ebf80000)
  object space 276480K, 66% used [0x00000000c3e00000,0x00000000cf1f80c8,0x00000000d4c00000)
 Metaspace       used 38696K, capacity 39008K, committed 39296K, reserved 1083392K
  class space    used 4625K, capacity 4736K, committed 4736K, reserved 1048576K
}
Event: 36.919 GC heap before
{Heap before GC invocations=22 (full 4):
 PSYoungGen      total 231936K, used 229578K [0x00000000ebf80000, 0x0000000100000000, 0x0000000100000000)
  eden space 189952K, 99% used [0x00000000ebf80000,0x00000000f77288f8,0x00000000f7900000)
  from space 41984K, 98% used [0x00000000f7900000,0x00000000fa18a160,0x00000000fa200000)
  to   space 71168K, 0% used [0x00000000fba80000,0x00000000fba80000,0x0000000100000000)
 ParOldGen       total 276480K, used 184288K [0x00000000c3e00000, 0x00000000d4c00000, 0x00000000ebf80000)
  object space 276480K, 66% used [0x00000000c3e00000,0x00000000cf1f80c8,0x00000000d4c00000)
 Metaspace       used 38734K, capacity 39084K, committed 39424K, reserved 1083392K
  class space    used 4629K, capacity 4738K, committed 4864K, reserved 1048576K
Event: 37.057 GC heap after
Heap after GC invocations=22 (full 4):
 PSYoungGen      total 181248K, used 71162K [0x00000000ebf80000, 0x0000000100000000, 0x0000000100000000)
  eden space 110080K, 0% used [0x00000000ebf80000,0x00000000ebf80000,0x00000000f2b00000)
  from space 71168K, 99% used [0x00000000fba80000,0x00000000ffffe9b0,0x0000000100000000)
  to   space 109056K, 0% used [0x00000000f2b00000,0x00000000f2b00000,0x00000000f9580000)
 ParOldGen       total 284672K, used 284287K [0x00000000c3e00000, 0x00000000d5400000, 0x00000000ebf80000)
  object space 284672K, 99% used [0x00000000c3e00000,0x00000000d539ff88,0x00000000d5400000)
 Metaspace       used 38734K, capacity 39084K, committed 39424K, reserved 1083392K
  class space    used 4629K, capacity 4738K, committed 4864K, reserved 1048576K
}
Event: 37.057 GC heap before
{Heap before GC invocations=23 (full 5):
 PSYoungGen      total 181248K, used 71162K [0x00000000ebf80000, 0x0000000100000000, 0x0000000100000000)
  eden space 110080K, 0% used [0x00000000ebf80000,0x00000000ebf80000,0x00000000f2b00000)
  from space 71168K, 99% used [0x00000000fba80000,0x00000000ffffe9b0,0x0000000100000000)
  to   space 109056K, 0% used [0x00000000f2b00000,0x00000000f2b00000,0x00000000f9580000)
 ParOldGen       total 284672K, used 284287K [0x00000000c3e00000, 0x00000000d5400000, 0x00000000ebf80000)
  object space 284672K, 99% used [0x00000000c3e00000,0x00000000d539ff88,0x00000000d5400000)
 Metaspace       used 38734K, capacity 39084K, committed 39424K, reserved 1083392K
  class space    used 4629K, capacity 4738K, committed 4864K, reserved 1048576K
Event: 38.159 GC heap after
Heap after GC invocations=23 (full 5):
 PSYoungGen      total 181248K, used 71008K [0x00000000ebf80000, 0x0000000100000000, 0x0000000100000000)
  eden space 110080K, 0% used [0x00000000ebf80000,0x00000000ebf80000,0x00000000f2b00000)
  from space 71168K, 99% used [0x00000000fba80000,0x00000000fffd80f0,0x0000000100000000)
  to   space 109056K, 0% used [0x00000000f2b00000,0x00000000f2b00000,0x00000000f9580000)
 ParOldGen       total 428544K, used 283378K [0x00000000c3e00000, 0x00000000de080000, 0x00000000ebf80000)
  object space 428544K, 66% used [0x00000000c3e00000,0x00000000d52bca88,0x00000000de080000)
 Metaspace       used 38734K, capacity 39084K, committed 39424K, reserved 1083392K
  class space    used 4629K, capacity 4738K, committed 4864K, reserved 1048576K
}

