# JRE version: Java(TM) SE Runtime Environment (8.0_45-b14) (build 1.8.0_45-b14)
# Java VM: Java HotSpot(TM) 64-Bit Server VM (25.45-b02 mixed mode linux-amd64 compressed oops)
Heap:
 PSYoungGen      total 187392K, used 112214K [0x00000000ebf80000, 0x0000000100000000, 0x0000000100000000)
  eden space 115200K, 34% used [0x00000000ebf80000,0x00000000ee698698,0x00000000f3000000)
  from space 72192K, 99% used [0x00000000fb980000,0x00000000ffffd240,0x0000000100000000)
  to   space 106496K, 0% used [0x00000000f3000000,0x00000000f3000000,0x00000000f9800000)
 ParOldGen       total 348672K, used 279592K [0x00000000c3e00000, 0x00000000d9280000, 0x00000000ebf80000)
  object space 348672K, 80% used [0x00000000c3e00000,0x00000000d4f0a1b0,0x00000000d9280000)
 Metaspace       used 38702K, capacity 39020K, committed 39424K, reserved 1083392K
  class space    used 4619K, capacity 4738K, committed 4864K, reserved 1048576K
GC Heap History (10 events):
Event: 24.738 GC heap before
{Heap before GC invocations=19 (full 4):
 PSYoungGen      total 224768K, used 223690K [0x00000000ebf80000, 0x0000000100000000, 0x0000000100000000)
  eden space 202240K, 100% used [0x00000000ebf80000,0x00000000f8500000,0x00000000f8500000)
  from space 22528K, 95% used [0x00000000fe800000,0x00000000ffcf2b78,0x00000000ffe00000)
  to   space 62976K, 0% used [0x00000000f8500000,0x00000000f8500000,0x00000000fc280000)
 ParOldGen       total 256512K, used 149535K [0x00000000c3e00000, 0x00000000d3880000, 0x00000000ebf80000)
  object space 256512K, 58% used [0x00000000c3e00000,0x00000000cd007de0,0x00000000d3880000)
 Metaspace       used 38598K, capacity 38944K, committed 39040K, reserved 1083392K
  class space    used 4615K, capacity 4736K, committed 4736K, reserved 1048576K
Event: 24.825 GC heap after
Heap after GC invocations=19 (full 4):
 PSYoungGen      total 248832K, used 46189K [0x00000000ebf80000, 0x0000000100000000, 0x0000000100000000)
  eden space 202240K, 0% used [0x00000000ebf80000,0x00000000ebf80000,0x00000000f8500000)
  from space 46592K, 99% used [0x00000000f8500000,0x00000000fb21b558,0x00000000fb280000)
  to   space 68608K, 0% used [0x00000000fbd00000,0x00000000fbd00000,0x0000000100000000)
 ParOldGen       total 256512K, used 171125K [0x00000000c3e00000, 0x00000000d3880000, 0x00000000ebf80000)
  object space 256512K, 66% used [0x00000000c3e00000,0x00000000ce51d6b0,0x00000000d3880000)
 Metaspace       used 38598K, capacity 38944K, committed 39040K, reserved 1083392K
  class space    used 4615K, capacity 4736K, committed 4736K, reserved 1048576K
}
Event: 24.935 GC heap before
{Heap before GC invocations=20 (full 4):
 PSYoungGen      total 248832K, used 248429K [0x00000000ebf80000, 0x0000000100000000, 0x0000000100000000)
  eden space 202240K, 100% used [0x00000000ebf80000,0x00000000f8500000,0x00000000f8500000)
  from space 46592K, 99% used [0x00000000f8500000,0x00000000fb21b558,0x00000000fb280000)
  to   space 68608K, 0% used [0x00000000fbd00000,0x00000000fbd00000,0x0000000100000000)
 ParOldGen       total 256512K, used 171125K [0x00000000c3e00000, 0x00000000d3880000, 0x00000000ebf80000)
  object space 256512K, 66% used [0x00000000c3e00000,0x00000000ce51d6b0,0x00000000d3880000)
 Metaspace       used 38603K, capacity 38944K, committed 39040K, reserved 1083392K
  class space    used 4615K, capacity 4736K, committed 4736K, reserved 1048576K
Event: 25.005 GC heap after
Heap after GC invocations=20 (full 4):
 PSYoungGen      total 249344K, used 48451K [0x00000000ebf80000, 0x0000000100000000, 0x0000000100000000)
  eden space 180736K, 0% used [0x00000000ebf80000,0x00000000ebf80000,0x00000000f7000000)
  from space 68608K, 70% used [0x00000000fbd00000,0x00000000fec50cd8,0x0000000100000000)
  to   space 73728K, 0% used [0x00000000f7000000,0x00000000f7000000,0x00000000fb800000)
 ParOldGen       total 256512K, used 171125K [0x00000000c3e00000, 0x00000000d3880000, 0x00000000ebf80000)
  object space 256512K, 66% used [0x00000000c3e00000,0x00000000ce51d6b0,0x00000000d3880000)
 Metaspace       used 38603K, capacity 38944K, committed 39040K, reserved 1083392K
  class space    used 4615K, capacity 4736K, committed 4736K, reserved 1048576K
}
Event: 25.138 GC heap before
{Heap before GC invocations=21 (full 4):
 PSYoungGen      total 249344K, used 229187K [0x00000000ebf80000, 0x0000000100000000, 0x0000000100000000)
  eden space 180736K, 100% used [0x00000000ebf80000,0x00000000f7000000,0x00000000f7000000)
  from space 68608K, 70% used [0x00000000fbd00000,0x00000000fec50cd8,0x0000000100000000)
  to   space 73728K, 0% used [0x00000000f7000000,0x00000000f7000000,0x00000000fb800000)
 ParOldGen       total 256512K, used 171125K [0x00000000c3e00000, 0x00000000d3880000, 0x00000000ebf80000)
  object space 256512K, 66% used [0x00000000c3e00000,0x00000000ce51d6b0,0x00000000d3880000)
 Metaspace       used 38655K, capacity 39008K, committed 39296K, reserved 1083392K
  class space    used 4615K, capacity 4736K, committed 4736K, reserved 1048576K
Event: 25.206 GC heap after
Heap after GC invocations=21 (full 4):
 PSYoungGen      total 254464K, used 5882K [0x00000000ebf80000, 0x0000000100000000, 0x0000000100000000)
  eden space 180736K, 0% used [0x00000000ebf80000,0x00000000ebf80000,0x00000000f7000000)
  from space 73728K, 7% used [0x00000000f7000000,0x00000000f75be808,0x00000000fb800000)
  to   space 72192K, 0% used [0x00000000fb980000,0x00000000fb980000,0x0000000100000000)
 ParOldGen       total 256512K, used 216618K [0x00000000c3e00000, 0x00000000d3880000, 0x00000000ebf80000)
  object space 256512K, 84% used [0x00000000c3e00000,0x00000000d118a870,0x00000000d3880000)
 Metaspace       used 38655K, capacity 39008K, committed 39296K, reserved 1083392K
  class space    used 4615K, capacity 4736K, committed 4736K, reserved 1048576K
}
Event: 25.206 GC heap before
{Heap before GC invocations=22 (full 5):
 PSYoungGen      total 254464K, used 5882K [0x00000000ebf80000, 0x0000000100000000, 0x0000000100000000)
  eden space 180736K, 0% used [0x00000000ebf80000,0x00000000ebf80000,0x00000000f7000000)
  from space 73728K, 7% used [0x00000000f7000000,0x00000000f75be808,0x00000000fb800000)
  to   space 72192K, 0% used [0x00000000fb980000,0x00000000fb980000,0x0000000100000000)
 ParOldGen       total 256512K, used 216618K [0x00000000c3e00000, 0x00000000d3880000, 0x00000000ebf80000)
  object space 256512K, 84% used [0x00000000c3e00000,0x00000000d118a870,0x00000000d3880000)
 Metaspace       used 38655K, capacity 39008K, committed 39296K, reserved 1083392K
  class space    used 4615K, capacity 4736K, committed 4736K, reserved 1048576K
Event: 26.038 GC heap after
Heap after GC invocations=22 (full 5):
 PSYoungGen      total 254464K, used 0K [0x00000000ebf80000, 0x0000000100000000, 0x0000000100000000)
  eden space 180736K, 0% used [0x00000000ebf80000,0x00000000ebf80000,0x00000000f7000000)
  from space 73728K, 0% used [0x00000000f7000000,0x00000000f7000000,0x00000000fb800000)
  to   space 72192K, 0% used [0x00000000fb980000,0x00000000fb980000,0x0000000100000000)
 ParOldGen       total 348672K, used 221941K [0x00000000c3e00000, 0x00000000d9280000, 0x00000000ebf80000)
  object space 348672K, 63% used [0x00000000c3e00000,0x00000000d16bd7f0,0x00000000d9280000)
 Metaspace       used 38655K, capacity 39008K, committed 39296K, reserved 1083392K
  class space    used 4615K, capacity 4736K, committed 4736K, reserved 1048576K
}
Event: 26.594 GC heap before
{Heap before GC invocations=23 (full 5):
 PSYoungGen      total 254464K, used 180736K [0x00000000ebf80000, 0x0000000100000000, 0x0000000100000000)
  eden space 180736K, 100% used [0x00000000ebf80000,0x00000000f7000000,0x00000000f7000000)
  from space 73728K, 0% used [0x00000000f7000000,0x00000000f7000000,0x00000000fb800000)
  to   space 72192K, 0% used [0x00000000fb980000,0x00000000fb980000,0x0000000100000000)
 ParOldGen       total 348672K, used 221941K [0x00000000c3e00000, 0x00000000d9280000, 0x00000000ebf80000)
  object space 348672K, 63% used [0x00000000c3e00000,0x00000000d16bd7f0,0x00000000d9280000)
 Metaspace       used 38702K, capacity 39020K, committed 39424K, reserved 1083392K
  class space    used 4619K, capacity 4738K, committed 4864K, reserved 1048576K
Event: 26.693 GC heap after
Heap after GC invocations=23 (full 5):
 PSYoungGen      total 187392K, used 72180K [0x00000000ebf80000, 0x0000000100000000, 0x0000000100000000)
  eden space 115200K, 0% used [0x00000000ebf80000,0x00000000ebf80000,0x00000000f3000000)
  from space 72192K, 99% used [0x00000000fb980000,0x00000000ffffd240,0x0000000100000000)
  to   space 106496K, 0% used [0x00000000f3000000,0x00000000f3000000,0x00000000f9800000)
 ParOldGen       total 348672K, used 279592K [0x00000000c3e00000, 0x00000000d9280000, 0x00000000ebf80000)
  object space 348672K, 80% used [0x00000000c3e00000,0x00000000d4f0a1b0,0x00000000d9280000)
 Metaspace       used 38702K, capacity 39020K, committed 39424K, reserved 1083392K
  class space    used 4619K, capacity 4738K, committed 4864K, reserved 1048576K
}

